TN:
SF:prisma/seed.ts
FN:71,main
FN:74,(anonymous_9)
FN:74,(anonymous_10)
FN:88,(anonymous_11)
FN:92,(anonymous_12)
FN:92,(anonymous_13)
FNF:6
FNH:5
FNDA:2,main
FNDA:26,(anonymous_9)
FNDA:26,(anonymous_10)
FNDA:0,(anonymous_11)
FNDA:1,(anonymous_12)
FNDA:1,(anonymous_13)
DA:3,1
DA:72,2
DA:74,26
DA:75,26
DA:87,1
DA:89,0
DA:90,0
DA:92,1
DA:93,1
LF:9
LH:7
BRF:0
BRH:0
end_of_record
TN:
SF:src/app.ts
FNF:0
FNH:0
DA:8,1
DA:9,1
DA:10,1
DA:12,1
DA:14,1
DA:15,1
DA:18,1
LF:7
LH:7
BRDA:14,0,0,1
BRF:1
BRH:1
end_of_record
TN:
SF:src/database.ts
FNF:0
FNH:0
DA:3,2
DA:4,2
LF:2
LH:2
BRF:0
BRH:0
end_of_record
TN:
SF:src/controllers/recommendationController.ts
FN:6,insert
FN:17,upvote
FN:25,downvote
FN:33,random
FN:39,get
FN:44,getTop
FN:51,getById
FNF:7
FNH:6
FNDA:1,insert
FNDA:1,upvote
FNDA:1,downvote
FNDA:0,random
FNDA:1,get
FNDA:1,getTop
FNDA:1,getById
DA:7,1
DA:8,1
DA:9,0
DA:12,1
DA:14,1
DA:18,1
DA:20,1
DA:22,1
DA:26,1
DA:28,1
DA:30,1
DA:34,0
DA:36,0
DA:40,1
DA:41,1
DA:45,1
DA:47,1
DA:48,1
DA:52,1
DA:54,1
DA:55,1
DA:58,1
LF:22
LH:19
BRDA:8,0,0,0
BRF:1
BRH:0
end_of_record
TN:
SF:src/controllers/testsController.ts
FN:4,resetDatabase
FNF:1
FNH:0
FNDA:0,resetDatabase
DA:5,0
DA:7,0
DA:10,1
LF:3
LH:1
BRF:0
BRH:0
end_of_record
TN:
SF:src/middlewares/errorHandlerMiddleware.ts
FN:8,errorHandlerMiddleware
FNF:1
FNH:0
FNDA:0,errorHandlerMiddleware
DA:14,0
DA:16,0
DA:17,0
DA:20,0
LF:4
LH:0
BRDA:16,0,0,0
BRF:1
BRH:0
end_of_record
TN:
SF:src/repositories/recommendationRepository.ts
FN:5,create
FN:16,findAll
FN:26,getAmountByScore
FN:33,getFindAllFilter
FN:45,find
FN:51,findByName
FN:57,updateScore
FN:66,remove
FNF:8
FNH:7
FNDA:1,create
FNDA:1,findAll
FNDA:1,getAmountByScore
FNDA:1,getFindAllFilter
FNDA:3,find
FNDA:1,findByName
FNDA:2,updateScore
FNDA:0,remove
DA:6,1
DA:17,1
DA:19,1
DA:27,1
DA:36,1
DA:38,0
DA:40,0
DA:46,3
DA:52,1
DA:58,2
DA:67,0
DA:72,2
LF:12
LH:9
BRDA:36,0,0,1
BRF:1
BRH:1
end_of_record
TN:
SF:src/repositories/testsRepository.ts
FN:3,resetDb
FNF:1
FNH:0
FNDA:0,resetDb
DA:4,0
DA:7,1
LF:2
LH:1
BRF:0
BRH:0
end_of_record
TN:
SF:src/routers/recommendationRouter.ts
FNF:0
FNH:0
DA:4,1
DA:6,1
DA:7,1
DA:8,1
DA:9,1
DA:10,1
DA:11,1
DA:12,1
LF:8
LH:8
BRF:0
BRH:0
end_of_record
TN:
SF:src/routers/testsRouter.ts
FNF:0
FNH:0
DA:5,1
DA:7,1
DA:8,1
LF:3
LH:3
BRF:0
BRH:0
end_of_record
TN:
SF:src/schemas/recommendationsSchemas.ts
FNF:0
FNH:0
DA:4,1
DA:6,1
LF:2
LH:2
BRF:0
BRH:0
end_of_record
TN:
SF:src/services/recommendationsService.ts
FN:7,insert
FN:16,getByIdOrFail
FN:23,upvote
FN:29,downvote
FN:42,get
FN:46,getTop
FN:50,getScoreFilter
FN:58,getByScore
FN:71,getRandom
FNF:9
FNH:6
FNDA:2,insert
FNDA:3,getByIdOrFail
FNDA:1,upvote
FNDA:1,downvote
FNDA:1,get
FNDA:1,getTop
FNDA:0,getScoreFilter
FNDA:0,getByScore
FNDA:0,getRandom
DA:8,2
DA:11,2
DA:13,1
DA:17,3
DA:18,3
DA:20,3
DA:24,1
DA:26,1
DA:30,1
DA:32,1
DA:37,1
DA:38,0
DA:43,1
DA:47,1
DA:51,0
DA:52,0
DA:55,0
DA:59,0
DA:64,0
DA:65,0
DA:68,0
DA:72,0
DA:73,0
DA:75,0
DA:76,0
DA:77,0
DA:80,0
DA:81,0
DA:84,2
LF:29
LH:14
BRDA:11,0,0,1
BRDA:18,1,0,0
BRDA:37,2,0,0
BRDA:51,3,0,0
BRDA:64,4,0,0
BRDA:76,5,0,0
BRF:6
BRH:1
end_of_record
TN:
SF:src/services/testsServices.ts
FN:3,reset
FNF:1
FNH:0
FNDA:0,reset
DA:4,0
DA:7,1
LF:2
LH:1
BRF:0
BRH:0
end_of_record
TN:
SF:src/utils/errorUtils.ts
FN:7,isAppError
FN:11,errorTypeToStatusCode
FN:19,conflictError
FN:23,notFoundError
FN:27,unauthorizedError
FN:31,wrongSchemaError
FNF:6
FNH:1
FNDA:0,isAppError
FNDA:0,errorTypeToStatusCode
FNDA:1,conflictError
FNDA:0,notFoundError
FNDA:0,unauthorizedError
FNDA:0,wrongSchemaError
DA:8,0
DA:12,0
DA:13,0
DA:14,0
DA:15,0
DA:16,0
DA:20,1
DA:24,0
DA:28,0
DA:32,0
LF:10
LH:1
BRDA:12,0,0,0
BRDA:13,1,0,0
BRDA:14,2,0,0
BRDA:15,3,0,0
BRDA:20,4,0,1
BRDA:20,4,1,0
BRDA:20,5,0,1
BRDA:20,5,1,1
BRDA:24,6,0,0
BRDA:24,6,1,0
BRDA:24,7,0,0
BRDA:24,7,1,0
BRDA:28,8,0,0
BRDA:28,8,1,0
BRDA:28,9,0,0
BRDA:28,9,1,0
BRDA:32,10,0,0
BRDA:32,10,1,0
BRDA:32,11,0,0
BRDA:32,11,1,0
BRF:20
BRH:3
end_of_record
